Arguments: 
  /home/helmisatria/.nvm/versions/node/v9.11.1/bin/node /home/helmisatria/.nvm/versions/node/v9.11.1/bin/yarn start

PATH: 
  /home/helmisatria/.nvm/versions/node/v9.11.1/bin:/usr/local/bin:/usr/bin:/bin:/usr/local/games:/usr/games:/sbin:/usr/sbin

Yarn version: 
  1.5.1

Node version: 
  9.11.1

Platform: 
  linux x64

npm manifest: 
  {
    "name": "q-learning",
    "version": "1.0.0",
    "description": "Machine Learning task about Q-Learning",
    "main": "index.js",
    "repository": "git@github.com:helmisatria/q-learning.git",
    "author": "Helmi Satria",
    "license": "MIT",
    "devDependencies": {
      "eslint": "^4.19.1",
      "eslint-config-airbnb-base": "^12.1.0",
      "eslint-plugin-import": "^2.11.0"
    },
    "dependencies": {
      "jsonfile": "^4.0.0"
    },
    "scripts": {
      "start":
        "STATUS=TEST node QLearning/conditionMovement.js && STATUS=TEST node QLearning/valueMovement.js && STATUS=TEST node QLearning/possibleMovement.js && STATUS=TEST node QLearning/q-learning.js && STATUS=TEST node QLearning/highestQValue.js",
      "trial":
        "STATUS=TRIAL node QLearning/conditionMovement.js && STATUS=TRIAL node QLearning/valueMovement.js && STATUS=TRIAL node QLearning/possibleMovement.js && STATUS=TRIAL node QLearning/q-learning.js && STATUS=TRAIL node QLearning/highestQValue.js"
    }
  }

yarn manifest: 
  No manifest

Lockfile: 
  No lockfile

Trace: 
  Error: Command failed.
  Exit code: 1
  Command: sh
  Arguments: -c STATUS=TEST node QLearning/conditionMovement.js && STATUS=TEST node QLearning/valueMovement.js && STATUS=TEST node QLearning/possibleMovement.js && STATUS=TEST node QLearning/q-learning.js && STATUS=TEST node QLearning/highestQValue.js
  Directory: /home/helmisatria/Documents/TUGAS/Machine Learning/q-learning
  Output:
  
      at ProcessTermError.MessageError (/home/helmisatria/.nvm/versions/node/v9.11.1/lib/node_modules/yarn/lib/cli.js:186:110)
      at new ProcessTermError (/home/helmisatria/.nvm/versions/node/v9.11.1/lib/node_modules/yarn/lib/cli.js:226:113)
      at ChildProcess.<anonymous> (/home/helmisatria/.nvm/versions/node/v9.11.1/lib/node_modules/yarn/lib/cli.js:30281:17)
      at ChildProcess.emit (events.js:180:13)
      at maybeClose (internal/child_process.js:936:16)
      at Process.ChildProcess._handle.onexit (internal/child_process.js:220:5)
